<?xml version="1.0" encoding="UTF-8"?>
<testsuite name="son.arca.api.CauseControllerMocksTest" time="0.31" tests="6" errors="0" skipped="0" failures="0">
  <properties>
    <property name="java.runtime.name" value="Java(TM) SE Runtime Environment"/>
    <property name="sun.boot.library.path" value="/usr/local/java/jdk18/jre/lib/amd64"/>
    <property name="java.vm.version" value="25.74-b02"/>
    <property name="java.vm.vendor" value="Oracle Corporation"/>
    <property name="java.vendor.url" value="http://java.oracle.com/"/>
    <property name="path.separator" value=":"/>
    <property name="guice.disable.misplaced.annotation.check" value="true"/>
    <property name="java.vm.name" value="Java HotSpot(TM) 64-Bit Server VM"/>
    <property name="file.encoding.pkg" value="sun.io"/>
    <property name="user.country" value="US"/>
    <property name="sun.java.launcher" value="SUN_STANDARD"/>
    <property name="sun.os.patch.level" value="unknown"/>
    <property name="java.vm.specification.name" value="Java Virtual Machine Specification"/>
    <property name="user.dir" value="/home/harry/projects/arca"/>
    <property name="java.runtime.version" value="1.8.0_74-b02"/>
    <property name="java.awt.graphicsenv" value="sun.awt.X11GraphicsEnvironment"/>
    <property name="java.endorsed.dirs" value="/usr/local/java/jdk18/jre/lib/endorsed"/>
    <property name="os.arch" value="amd64"/>
    <property name="java.io.tmpdir" value="/tmp"/>
    <property name="line.separator" value="&#10;"/>
    <property name="java.vm.specification.vendor" value="Oracle Corporation"/>
    <property name="os.name" value="Linux"/>
    <property name="classworlds.conf" value="/opt/programs/apache-maven-3.0.5/bin/m2.conf"/>
    <property name="sun.jnu.encoding" value="ANSI_X3.4-1968"/>
    <property name="java.library.path" value="/usr/local/programs/idea/bin::/usr/java/packages/lib/amd64:/usr/lib64:/lib64:/lib:/usr/lib"/>
    <property name="java.specification.name" value="Java Platform API Specification"/>
    <property name="java.class.version" value="52.0"/>
    <property name="sun.management.compiler" value="HotSpot 64-Bit Tiered Compilers"/>
    <property name="os.version" value="3.13.0-61-generic"/>
    <property name="user.home" value="/home/harry"/>
    <property name="user.timezone" value="Europe/Helsinki"/>
    <property name="java.awt.printerjob" value="sun.print.PSPrinterJob"/>
    <property name="file.encoding" value="ANSI_X3.4-1968"/>
    <property name="java.specification.version" value="1.8"/>
    <property name="user.name" value="harry"/>
    <property name="java.class.path" value="/opt/programs/apache-maven-3.0.5/boot/plexus-classworlds-2.4.jar"/>
    <property name="java.vm.specification.version" value="1.8"/>
    <property name="sun.arch.data.model" value="64"/>
    <property name="java.home" value="/usr/local/java/jdk18/jre"/>
    <property name="sun.java.command" value="org.codehaus.plexus.classworlds.launcher.Launcher clean install -s /opt/programs/apache-maven-3.0.5/conf/settings.xml"/>
    <property name="java.specification.vendor" value="Oracle Corporation"/>
    <property name="user.language" value="en"/>
    <property name="awt.toolkit" value="sun.awt.X11.XToolkit"/>
    <property name="java.vm.info" value="mixed mode"/>
    <property name="java.version" value="1.8.0_74"/>
    <property name="java.ext.dirs" value="/usr/local/java/jdk18/jre/lib/ext:/usr/java/packages/lib/ext"/>
    <property name="securerandom.source" value="file:/dev/./urandom"/>
    <property name="sun.boot.class.path" value="/usr/local/java/jdk18/jre/lib/resources.jar:/usr/local/java/jdk18/jre/lib/rt.jar:/usr/local/java/jdk18/jre/lib/sunrsasign.jar:/usr/local/java/jdk18/jre/lib/jsse.jar:/usr/local/java/jdk18/jre/lib/jce.jar:/usr/local/java/jdk18/jre/lib/charsets.jar:/usr/local/java/jdk18/jre/lib/jfr.jar:/usr/local/java/jdk18/jre/classes"/>
    <property name="java.vendor" value="Oracle Corporation"/>
    <property name="maven.home" value="/opt/programs/apache-maven-3.0.5"/>
    <property name="file.separator" value="/"/>
    <property name="java.vendor.url.bug" value="http://bugreport.sun.com/bugreport/"/>
    <property name="sun.cpu.endian" value="little"/>
    <property name="sun.io.unicode.encoding" value="UnicodeLittle"/>
    <property name="sun.desktop" value="gnome"/>
    <property name="sun.cpu.isalist" value=""/>
  </properties>
  <testcase name="testDeleteCause" classname="son.arca.api.CauseControllerMocksTest" time="0.185"/>
  <testcase name="testGetCause" classname="son.arca.api.CauseControllerMocksTest" time="0.029"/>
  <testcase name="testUpdateCause" classname="son.arca.api.CauseControllerMocksTest" time="0.027"/>
  <testcase name="testCreateCause" classname="son.arca.api.CauseControllerMocksTest" time="0.024"/>
  <testcase name="testGetCauses" classname="son.arca.api.CauseControllerMocksTest" time="0.023"/>
  <testcase name="testGetCauseNotFound" classname="son.arca.api.CauseControllerMocksTest" time="0.022"/>
</testsuite>